<component name="libraryTable">
  <library name="JUnit">
    <CLASSES>
      <root url="jar:///usr/lib/jvm/JUnit/junit-4.10.jar!/" />
    </CLASSES>
    <JAVADOC />
    <SOURCES />
  </library>
</component>